\BOOKMARK [0][-]{chapter*.3}{\376\377\000A\000b\000s\000t\000r\000a\000c\000t}{}% 1
\BOOKMARK [0][-]{chapter*.4}{\376\377\0001\000.\000\040\000I\000n\000t\000r\000o\000d\000u\000c\000t\000i\000o\000n\000:}{}% 2
\BOOKMARK [0][-]{chapter*.5}{\376\377\0002\000.\000\040\000M\000o\000d\000e\000l\000\040\000a\000n\000d\000\040\000M\000e\000t\000h\000o\000d\000s}{}% 3
\BOOKMARK [1][-]{section*.6}{\376\377\000L\000o\000c\000a\000t\000i\000o\000n\000-\000S\000c\000a\000l\000e\000\040\000R\000e\000g\000r\000e\000s\000s\000i\000o\000n\000\040\000M\000o\000d\000e\000l}{chapter*.5}% 4
\BOOKMARK [1][-]{section*.7}{\376\377\000B\000o\000o\000s\000t\000i\000n\000g}{chapter*.5}% 5
\BOOKMARK [2][-]{section*.8}{\376\377\000R\000e\000s\000i\000d\000u\000a\000l\000\040\000B\000o\000o\000s\000t\000i\000n\000g}{section*.7}% 6
\BOOKMARK [2][-]{section*.9}{\376\377\000G\000r\000a\000d\000i\000e\000n\000t\000\040\000B\000o\000o\000s\000t\000i\000n\000g}{section*.7}% 7
\BOOKMARK [2][-]{section*.10}{\376\377\000C\000o\000m\000p\000o\000n\000e\000n\000t\000w\000i\000s\000e\000\040\000b\000o\000o\000s\000t\000i\000n\000g}{section*.7}% 8
\BOOKMARK [0][-]{chapter*.11}{\376\377\0003\000.\000\040\000S\000o\000f\000t\000w\000a\000r\000e\000\040\000I\000m\000p\000l\000e\000m\000e\000n\000t\000a\000t\000i\000o\000n\000:\000\040\000t\000h\000e\000\040\000a\000s\000p\0002\0000\000b\000o\000o\000s\000t\000\040\000p\000a\000c\000k\000a\000g\000e}{}% 9
\BOOKMARK [1][-]{section*.12}{\376\377\000g\000r\000a\000d\000i\000e\000n\000t\000\137\000b\000o\000o\000s\000t\000\050\000\051\000\040\000f\000u\000n\000c\000t\000i\000o\000n}{chapter*.11}% 10
\BOOKMARK [1][-]{section*.13}{\376\377\000L\000o\000c\000a\000t\000i\000o\000n\000S\000c\000a\000l\000e\000R\000e\000g\000r\000e\000s\000s\000i\000o\000n\000B\000o\000o\000s\000t\000\040\000R\0006\000-\000C\000l\000a\000s\000s}{chapter*.11}% 11
\BOOKMARK [1][-]{section*.14}{\376\377\000U\000s\000e\000r\000\040\000I\000n\000t\000e\000r\000f\000a\000c\000e\000\040\000b\000y\000\040\000e\000x\000a\000m\000p\000l\000e}{chapter*.11}% 12
\BOOKMARK [0][-]{chapter*.15}{\376\377\0004\000.\000\040\000S\000i\000m\000u\000l\000a\000t\000i\000o\000n\000\040\000S\000t\000u\000d\000i\000e\000s}{}% 13
\BOOKMARK [1][-]{section*.16}{\376\377\000T\000w\000o\000-\000d\000i\000m\000e\000s\000i\000o\000n\000a\000l\000\040\000C\000a\000s\000e}{chapter*.15}% 14
\BOOKMARK [2][-]{section*.17}{\376\377\000E\000v\000a\000l\000u\000a\000t\000i\000o\000n\000\040\000C\000o\000n\000f\000i\000g\000u\000r\000a\000t\000i\000o\000n\000\040\0001}{section*.16}% 15
\BOOKMARK [2][-]{section*.18}{\376\377\000E\000v\000a\000l\000u\000a\000t\000i\000o\000n\000\040\000C\000o\000n\000f\000i\000g\000u\000r\000a\000t\000i\000o\000n\000\040\0002}{section*.16}% 16
\BOOKMARK [2][-]{section*.21}{\376\377\000C\000o\000n\000c\000l\000u\000s\000i\000o\000n\000s}{section*.16}% 17
\BOOKMARK [1][-]{section*.22}{\376\377\000L\000a\000r\000g\000e\000\040\000M\000o\000d\000e\000l\000\040\000-\000\040\000V\000a\000r\000i\000a\000b\000l\000e\000\040\000S\000e\000l\000e\000c\000t\000i\000o\000n\000\040\000i\000n\000\040\000t\000h\000e\000\040\000m\000u\000l\000t\000i\000d\000i\000m\000e\000n\000s\000i\000o\000n\000a\000l\000\040\000c\000a\000s\000e}{chapter*.15}% 18
\BOOKMARK [2][-]{section*.23}{\376\377\000C\000o\000n\000f\000i\000g\000u\000r\000a\000t\000i\000o\000n\000\040\0005}{section*.22}% 19
\BOOKMARK [2][-]{section*.24}{\376\377\000C\000o\000n\000f\000i\000g\000u\000r\000a\000t\000i\000o\000n\000\040\0006}{section*.22}% 20
\BOOKMARK [2][-]{section*.25}{\376\377\000C\000o\000n\000f\000i\000g\000u\000r\000a\000t\000i\000o\000n\000\040\0007}{section*.22}% 21
\BOOKMARK [0][-]{chapter*.26}{\376\377\0006\000.\000\040\000R\000e\000f\000e\000r\000e\000n\000c\000e\000s}{}% 22
\BOOKMARK [0][-]{chapter*.27}{\376\377\0007\000.\000\040\000A\000p\000p\000e\000n\000d\000i\000x}{}% 23
